|--- feature_2 <= 2.45
|   |--- class: Iris-setosa
|--- feature_2 >  2.45
|   |--- feature_3 <= 1.75
|   |   |--- feature_2 <= 4.95
|   |   |   |--- feature_3 <= 1.65
|   |   |   |   |--- class: Iris-versicolor
|   |   |   |--- feature_3 >  1.65
|   |   |   |   |--- class: Iris-virginica
|   |   |--- feature_2 >  4.95
|   |   |   |--- feature_3 <= 1.55
|   |   |   |   |--- class: Iris-virginica
|   |   |   |--- feature_3 >  1.55
|   |   |   |   |--- feature_2 <= 5.45
|   |   |   |   |   |--- class: Iris-versicolor
|   |   |   |   |--- feature_2 >  5.45
|   |   |   |   |   |--- class: Iris-virginica
|   |--- feature_3 >  1.75
|   |   |--- feature_2 <= 4.85
|   |   |   |--- feature_1 <= 3.10
|   |   |   |   |--- class: Iris-virginica
|   |   |   |--- feature_1 >  3.10
|   |   |   |   |--- class: Iris-versicolor
|   |   |--- feature_2 >  4.85
|   |   |   |--- class: Iris-virginica
